<?xml version="1.0" encoding="UTF-8"?>
<!-- Generated by org.testng.reporters.JUnitReportReporter -->
<testsuite hostname="DESKTOP-0HJJQ6S" failures="0" tests="1" name="LoginTest" time="15.703" errors="0" timestamp="2022-09-24T07:59:49 IST" skipped="0">
  <testcase classname="LoginTest" name="loginTest" time="15.703"/>
  <system-out/>
</testsuite> <!-- LoginTest -->
